<?xml version="1.0" encoding="UTF-8"?>
<testsuite name="SieveTest" tests="3" skipped="0" failures="0" errors="0" timestamp="2017-10-15T16:48:50" hostname="MacBook-Air" time="0.007">
  <properties/>
  <testcase name="findFirstPrime" classname="SieveTest" time="0.003"/>
  <testcase name="findPrimesUpTo1000" classname="SieveTest" time="0.003"/>
  <testcase name="findPrimesUpTo10" classname="SieveTest" time="0.0"/>
  <system-out><![CDATA[]]></system-out>
  <system-err><![CDATA[]]></system-err>
</testsuite>
